id=MLA917485457,title=Monitor Dell E Series E2220h Led 21.5   Negro 100v/240v,category_id=MLA14407,name=Monitores
id=MLA918321811,title=Monitor Dell E E2720h Led 27   Negro 100v/240v,category_id=MLA14407,name=Monitores
id=MLA884736096,title=Router Cisco Rv Series Rv340 Negro 100v/240v,category_id=MLA430901,name=Routers
id=MLA927112630,title=Notebook Dell Inspiron 3505 Gris 15.6 , Amd Ryzen 5 3450u  16gb De Ram 1tb Hdd 256gb Ssd, Amd Radeon Vega 8 1366x768px Windows 10 Home,category_id=MLA1652,name=Notebooks
id=MLA919422304,title=Access Point, Router Linksys Mr8300 Negro 100v/240v,category_id=MLA430901,name=Routers
id=MLA874472550,title=Router Linksys Ea-series Ea6100 Negro 100v/240v,category_id=MLA430901,name=Routers
id=MLA923372796,title=Monitor Dell E E2420h Led 24   Negro 100v/240v,category_id=MLA14407,name=Monitores
id=MLA915051639,title=Notebook Dell Latitude 3510 Gris 15.6 , Intel Core I7 10510u  16gb De Ram 1tb Hdd 256gb Ssd, Nvidia Gefroce Mx230 1920x1080px Windows 10 Pro,category_id=MLA1652,name=Notebooks
id=MLA884735636,title=Router Cisco Rv Series Rv345 Negro 100v/240v,category_id=MLA430901,name=Routers
id=MLA898898561,title=Repetidor, Router, Sistema Wi-fi Mesh Linksys Velop Wifi Intelligent Mesh Blanco 100v/240v,category_id=MLA430901,name=Routers
id=MLA917517155,title=Switch Cisco Sg110d-08 Serie 110,category_id=MLA1708,name=Switches
id=MLA925179224,title= Apc Easy Ups Bv1000i-ar 1000va Entrada Y Salida De 230v Negro,category_id=MLA1720,name=UPS
id=MLA927112732,title=Notebook Dell Inspiron 3505 Gris 15.6 , Amd Ryzen 5 3450u  16gb De Ram 256gb Ssd, Amd Radeon Vega 8 1366x768px Windows 10 Home,category_id=MLA1652,name=Notebooks
id=MLA927112638,title=Notebook Dell Inspiron 3505 Gris 15.6 , Amd Ryzen 5 3450u  8gb De Ram 1tb Hdd 256gb Ssd, Amd Radeon Vega 8 1366x768px Windows 10 Home,category_id=MLA1652,name=Notebooks
id=MLA927887762,title=Monitor Gamer Dell Professional P2719h Led 27   Negro 100v/240v,category_id=MLA14407,name=Monitores
id=MLA927153653,title=Notebook Dell Inspiron 3505 Gris 15.6 , Amd Ryzen 5 3450u  12gb De Ram 256gb Ssd, Amd Radeon Vega 8 1366x768px Windows 10 Home,category_id=MLA1652,name=Notebooks
id=MLA913997022,title=Notebook Dell Vostro 3490 Negra 14 , Intel Core I5 10210u  8gb De Ram 1tb Hdd, Intel Uhd Graphics 60 Hz 1366x768px Windows 10 Pro,category_id=MLA1652,name=Notebooks
id=MLA924366761,title= Apc Back-ups Pro 1500 Br1500g-ar 1500va Entrada Y Salida De 230v Negro,category_id=MLA1720,name=UPS
id=MLA863267784,title=Monitor Gamer Dell Professional P2018h Led 20   Negro 100v/240v,category_id=MLA14407,name=Monitores
id=MLA928606511,title= Apc Back-ups Br900g-ar 900va Entrada Y Salida De 230v Negro,category_id=MLA1720,name=UPS
id=MLA884735834,title=Repetidor Linksys Re6500 Negro,category_id=MLA430901,name=Routers
id=MLA927113031,title=Notebook Dell Inspiron 3505 Gris 15.6 , Amd Ryzen 5 3450u  8gb De Ram 256gb Ssd, Amd Radeon Vega 8 1366x768px Windows 10 Home,category_id=MLA1652,name=Notebooks
id=MLA927154124,title=Notebook Dell Inspiron 3505 Gris 15.6 , Amd Ryzen 5 3450u  12gb De Ram 1tb Hdd 256gb Ssd, Amd Radeon Vega 8 1366x768px Windows 10 Home,category_id=MLA1652,name=Notebooks
id=MLA915052218,title=Notebook Dell Latitude 3510 Gris 15.6 , Intel Core I7 10510u  8gb De Ram 256gb Ssd, Nvidia Geforce Mx230 1920x1080px Windows 10 Pro,category_id=MLA1652,name=Notebooks
id=MLA927177803,title= Apc Back-ups Bx550ci-ar 550va Entrada Y Salida De 230v Negro,category_id=MLA1720,name=UPS
id=MLA926280125,title= Apc Easy Ups Bv500i-ar 500va Entrada Y Salida De 230v Negro,category_id=MLA1720,name=UPS
id=MLA927759938,title=Notebook Dell Latitude 3510 Gris 15.6 , Intel Core I5 10210u  8gb De Ram 1tb Hdd, Intel Hd Graphics 620 1366x768px Windows 10 Pro,category_id=MLA1652,name=Notebooks
id=MLA912269713,title= Apc Back-ups Pro 1200 Br1200g-ar 1200va Entrada Y Salida De 230v Negro,category_id=MLA1720,name=UPS
id=MLA918820148,title=Router Linksys Lrt214 Negro Y Azul,category_id=MLA430901,name=Routers
id=MLA927415191,title=Switch Cisco Sf350-24p Serie 350,category_id=MLA1708,name=Switches
id=MLA917516307,title= Apc Smart-ups Srt Srt5kxli 5000va Entrada Y Salida De 230v Negro,category_id=MLA1720,name=UPS
id=MLA923612111,title=Switch Cisco Sg110-24 Small Business Serie 110,category_id=MLA1708,name=Switches
id=MLA917515758,title= Apc Easy Ups Srv6ki 6000va Entrada Y Salida De 230v Negro,category_id=MLA1720,name=UPS
id=MLA914633882,title=Access Point Interior Cisco 100 Series Wap150 Blanco,category_id=MLA430901,name=Routers
id=MLA927178600,title= Apc Back-ups Bx800ci-ar 800va Entrada Y Salida De 230v Negro,category_id=MLA1720,name=UPS
id=MLA927409466,title=Switch Cisco Sf110-24 Serie 110,category_id=MLA1708,name=Switches
id=MLA925120684,title=Notebook Dell Vostro 3490 Negra 14 , Intel Core I5 10210u  8gb De Ram 1tb Hdd 240gb Ssd, Intel Uhd Graphics 60 Hz 1366x768px Windows 10 Pro,category_id=MLA1652,name=Notebooks
id=MLA927413664,title=Switch Cisco Sf220-24 Small Business Serie 220,category_id=MLA1708,name=Switches
id=MLA927413671,title=Switch Cisco Sg110-24hp Serie 110,category_id=MLA1708,name=Switches
id=MLA927414264,title=Switch Cisco Sg350-28 Serie 350,category_id=MLA1708,name=Switches
id=MLA927414271,title=Switch Cisco Sf220-24p Serie 220,category_id=MLA1708,name=Switches
id=MLA925128032,title=Notebook Dell Vostro 3490 Negra 14 , Intel Core I5 10210u  12gb De Ram 1tb Hdd, Intel Hd Graphics 60 Hz 1366x768px Windows 10 Pro,category_id=MLA1652,name=Notebooks
id=MLA925134641,title=Notebook Dell Vostro 3490 Negra 14 , Intel Core I5 10210u  16gb De Ram 1tb Hdd, Intel Hd Graphics 60 Hz 1366x768px Windows 10 Pro,category_id=MLA1652,name=Notebooks
id=MLA925134999,title=Notebook Dell Vostro 3490 Negra 14 , Intel Core I5 10210u  32gb De Ram 1tb Hdd 240gb Ssd, Intel Uhd Graphics 60 Hz 1366x768px Windows 10 Pro,category_id=MLA1652,name=Notebooks
id=MLA927412264,title=Switch Cisco Sg350-52 Sg Serie 350,category_id=MLA1708,name=Switches
id=MLA928736315,title= Apc Back-ups Br550g-ar 550va Entrada Y Salida De 230v Negro,category_id=MLA1720,name=UPS
id=MLA929600216,title=Notebook Dell Vostro 3490 Negra 14 , Intel Core I5 10210u  4gb De Ram 1tb Hdd, Intel Hd Graphics 60 Hz 1366x768px Windows 10 Pro,category_id=MLA1652,name=Notebooks
id=MLA926291038,title= Apc Easy Ups Srv3000 Srv3ki-ar 3000va Entrada Y Salida De 220v/240v Negro,category_id=MLA1720,name=UPS
id=MLA929442707,title=Switch Cisco Sg110-16 Small Business Serie 110,category_id=MLA1708,name=Switches
id=MLA917518416,title=Switch Cisco Sg220-26p Small Business Serie 220,category_id=MLA1708,name=Switches
